<?xml version="1.0" encoding="UTF-8"?>
<!-- Generated by org.testng.reporters.JUnitReportReporter -->
<testsuite hostname="Kristina-MacBook-Air.local" failures="0" tests="4" name="testcases.LoginTest" time="18.416" errors="0" timestamp="2021-10-27T21:37:55 EDT" skipped="0">
  <testcase classname="testcases.LoginTest" name="invalidLoginErrorMessageValidation" time="3.836"/>
  <system-out/>
  <testcase classname="testcases.LoginTest" name="invalidLoginErrorMessageValidation" time="3.471"/>
  <system-out/>
  <testcase classname="testcases.LoginTest" name="invalidLoginErrorMessageValidation" time="4.068"/>
  <system-out/>
  <testcase classname="testcases.LoginTest" name="invalidLoginErrorMessageValidation" time="7.041"/>
  <system-out/>
</testsuite> <!-- testcases.LoginTest -->
